<?xml version="1.0" encoding="UTF-8"?>
<testsuite name="test.TestAlumno" tests="1" skipped="0" failures="0" errors="0" timestamp="2018-05-02T12:06:06" hostname="JUAN-QUININES" time="0.006">
  <properties/>
  <testcase name="comprobarPromedio" classname="test.TestAlumno" time="0.006"/>
  <system-out><![CDATA[]]></system-out>
  <system-err><![CDATA[]]></system-err>
</testsuite>
